<?xml version="1.0" encoding="UTF-8"?>
<testsuite name="JobTest" tests="4" skipped="0" failures="0" errors="0" timestamp="2020-03-28T21:47:49" hostname="AMAC02XW0ZHJG5M" time="0.015">
  <properties/>
  <testcase name="shouldCalculateAmountOwed_WithVariableRate" classname="JobTest" time="0.001"/>
  <testcase name="shouldThrowStartTimeTooEarlyExceptionIfStartTimeIsBeforeFiveOclock" classname="JobTest" time="0.0"/>
  <testcase name="shouldThrowEndTimeTooLateExceptionIfEndTimeIsAfterFourAm" classname="JobTest" time="0.0"/>
  <testcase name="shouldCalculateAmountOwed_FlatRate" classname="JobTest" time="0.013"/>
  <system-out><![CDATA[]]></system-out>
  <system-err><![CDATA[]]></system-err>
</testsuite>
