<?xml version="1.0" encoding="UTF-8"?>
<testsuite name="JobTest" tests="1" skipped="0" failures="0" errors="0" timestamp="2020-03-28T21:10:12" hostname="Mikaylas-Razer-Blade" time="0.002">
  <properties/>
  <testcase name="shouldThrowEndTimeTooLateExceptionIfEndTimeIsAfterFourAm" classname="JobTest" time="0.002"/>
  <system-out><![CDATA[]]></system-out>
  <system-err><![CDATA[]]></system-err>
</testsuite>
